[0.018s] Invoking command in '/home/ajr/ros2_ws/src/turtle_superman/build/turtle_superman': CMAKE_PREFIX_PATH=${CMAKE_PREFIX_PATH}:/home/ajr/ros2_ws/install/gui_lexus:/home/ajr/ros2_ws/install/arj_transforms_py:/home/ajr/ros2_ws/install/arj_intro_py:/opt/ros/humble /usr/bin/cmake /home/ajr/ros2_ws/src/turtle_superman -DCMAKE_INSTALL_PREFIX=/home/ajr/ros2_ws/src/turtle_superman/install/turtle_superman
[0.305s] -- The C compiler identification is GNU 11.4.0
[0.905s] -- The CXX compiler identification is GNU 11.4.0
[1.331s] -- Detecting C compiler ABI info
[1.529s] -- Detecting C compiler ABI info - done
[1.544s] -- Check for working C compiler: /usr/bin/cc - skipped
[1.545s] -- Detecting C compile features
[1.546s] -- Detecting C compile features - done
[1.552s] -- Detecting CXX compiler ABI info
[1.726s] -- Detecting CXX compiler ABI info - done
[1.737s] -- Check for working CXX compiler: /usr/bin/c++ - skipped
[1.737s] -- Detecting CXX compile features
[1.738s] -- Detecting CXX compile features - done
[1.768s] -- Found ament_cmake: 1.3.9 (/opt/ros/humble/share/ament_cmake/cmake)
[1.981s] -- Found Python3: /usr/bin/python3 (found version "3.10.12") found components: Interpreter 
[2.190s] -- Found rclcpp: 16.0.9 (/opt/ros/humble/share/rclcpp/cmake)
[2.478s] -- Found rosidl_generator_c: 3.1.5 (/opt/ros/humble/share/rosidl_generator_c/cmake)
[2.492s] -- Found rosidl_adapter: 3.1.5 (/opt/ros/humble/share/rosidl_adapter/cmake)
[2.521s] -- Found rosidl_generator_cpp: 3.1.5 (/opt/ros/humble/share/rosidl_generator_cpp/cmake)
[2.566s] -- Using all available rosidl_typesupport_c: rosidl_typesupport_fastrtps_c;rosidl_typesupport_introspection_c
[2.618s] -- Using all available rosidl_typesupport_cpp: rosidl_typesupport_fastrtps_cpp;rosidl_typesupport_introspection_cpp
[2.781s] -- Found rmw_implementation_cmake: 6.1.2 (/opt/ros/humble/share/rmw_implementation_cmake/cmake)
[2.790s] -- Found rmw_fastrtps_cpp: 6.2.6 (/opt/ros/humble/share/rmw_fastrtps_cpp/cmake)
[4.617s] -- Found OpenSSL: /usr/lib/x86_64-linux-gnu/libcrypto.so (found version "3.0.2")  
[6.482s] -- Found FastRTPS: /opt/ros/humble/include  
[9.507s] -- Using RMW implementation 'rmw_fastrtps_cpp' as default
[9.537s] -- Looking for pthread.h
[9.713s] -- Looking for pthread.h - found
[9.714s] -- Performing Test CMAKE_HAVE_LIBC_PTHREAD
[9.913s] -- Performing Test CMAKE_HAVE_LIBC_PTHREAD - Success
[9.915s] -- Found Threads: TRUE  
[10.232s] -- Found geometry_msgs: 4.2.4 (/opt/ros/humble/share/geometry_msgs/cmake)
[10.323s] -- Found turtlesim: 1.4.2 (/opt/ros/humble/share/turtlesim/cmake)
[10.586s] -- Found ament_lint_auto: 0.12.11 (/opt/ros/humble/share/ament_lint_auto/cmake)
[10.754s] -- Added test 'cppcheck' to perform static code analysis on C / C++ code
[10.754s] -- Configured cppcheck include dirs: 
[10.754s] -- Configured cppcheck exclude dirs and/or files: 
[10.758s] -- Added test 'flake8' to check Python code syntax and style conventions
[10.764s] -- Added test 'lint_cmake' to check CMake code style
[10.769s] -- Added test 'pep257' to check Python code against some of the docstring style conventions in PEP 257
[10.788s] -- Added test 'uncrustify' to check C / C++ code style
[10.788s] -- Configured uncrustify additional arguments: 
[10.793s] -- Added test 'xmllint' to check XML markup files
[10.798s] -- Configuring done
[10.827s] -- Generating done
[10.832s] -- Build files have been written to: /home/ajr/ros2_ws/src/turtle_superman/build/turtle_superman
[10.847s] Invoked command in '/home/ajr/ros2_ws/src/turtle_superman/build/turtle_superman' returned '0': CMAKE_PREFIX_PATH=${CMAKE_PREFIX_PATH}:/home/ajr/ros2_ws/install/gui_lexus:/home/ajr/ros2_ws/install/arj_transforms_py:/home/ajr/ros2_ws/install/arj_intro_py:/opt/ros/humble /usr/bin/cmake /home/ajr/ros2_ws/src/turtle_superman -DCMAKE_INSTALL_PREFIX=/home/ajr/ros2_ws/src/turtle_superman/install/turtle_superman
[10.851s] Invoking command in '/home/ajr/ros2_ws/src/turtle_superman/build/turtle_superman': CMAKE_PREFIX_PATH=${CMAKE_PREFIX_PATH}:/home/ajr/ros2_ws/install/gui_lexus:/home/ajr/ros2_ws/install/arj_transforms_py:/home/ajr/ros2_ws/install/arj_intro_py:/opt/ros/humble /usr/bin/cmake --build /home/ajr/ros2_ws/src/turtle_superman/build/turtle_superman -- -j4 -l4
[10.912s] [ 50%] [32mBuilding CXX object CMakeFiles/turtle_superman.dir/src/turtle_superman.cpp.o[0m
[19.914s] [100%] [32m[1mLinking CXX executable turtle_superman[0m
[20.498s] [100%] Built target turtle_superman
[20.512s] Invoked command in '/home/ajr/ros2_ws/src/turtle_superman/build/turtle_superman' returned '0': CMAKE_PREFIX_PATH=${CMAKE_PREFIX_PATH}:/home/ajr/ros2_ws/install/gui_lexus:/home/ajr/ros2_ws/install/arj_transforms_py:/home/ajr/ros2_ws/install/arj_intro_py:/opt/ros/humble /usr/bin/cmake --build /home/ajr/ros2_ws/src/turtle_superman/build/turtle_superman -- -j4 -l4
[20.563s] Invoking command in '/home/ajr/ros2_ws/src/turtle_superman/build/turtle_superman': CMAKE_PREFIX_PATH=${CMAKE_PREFIX_PATH}:/home/ajr/ros2_ws/install/gui_lexus:/home/ajr/ros2_ws/install/arj_transforms_py:/home/ajr/ros2_ws/install/arj_intro_py:/opt/ros/humble /usr/bin/cmake --install /home/ajr/ros2_ws/src/turtle_superman/build/turtle_superman
[20.573s] -- Install configuration: ""
[20.574s] -- Installing: /home/ajr/ros2_ws/src/turtle_superman/install/turtle_superman/lib/turtle_superman/turtle_superman
[20.579s] -- Set runtime path of "/home/ajr/ros2_ws/src/turtle_superman/install/turtle_superman/lib/turtle_superman/turtle_superman" to ""
[20.580s] -- Installing: /home/ajr/ros2_ws/src/turtle_superman/install/turtle_superman/share/ament_index/resource_index/package_run_dependencies/turtle_superman
[20.581s] -- Installing: /home/ajr/ros2_ws/src/turtle_superman/install/turtle_superman/share/ament_index/resource_index/parent_prefix_path/turtle_superman
[20.582s] -- Installing: /home/ajr/ros2_ws/src/turtle_superman/install/turtle_superman/share/turtle_superman/environment/ament_prefix_path.sh
[20.583s] -- Installing: /home/ajr/ros2_ws/src/turtle_superman/install/turtle_superman/share/turtle_superman/environment/ament_prefix_path.dsv
[20.583s] -- Installing: /home/ajr/ros2_ws/src/turtle_superman/install/turtle_superman/share/turtle_superman/environment/path.sh
[20.583s] -- Installing: /home/ajr/ros2_ws/src/turtle_superman/install/turtle_superman/share/turtle_superman/environment/path.dsv
[20.584s] -- Installing: /home/ajr/ros2_ws/src/turtle_superman/install/turtle_superman/share/turtle_superman/local_setup.bash
[20.584s] -- Installing: /home/ajr/ros2_ws/src/turtle_superman/install/turtle_superman/share/turtle_superman/local_setup.sh
[20.584s] -- Installing: /home/ajr/ros2_ws/src/turtle_superman/install/turtle_superman/share/turtle_superman/local_setup.zsh
[20.585s] -- Installing: /home/ajr/ros2_ws/src/turtle_superman/install/turtle_superman/share/turtle_superman/local_setup.dsv
[20.586s] -- Installing: /home/ajr/ros2_ws/src/turtle_superman/install/turtle_superman/share/turtle_superman/package.dsv
[20.586s] -- Installing: /home/ajr/ros2_ws/src/turtle_superman/install/turtle_superman/share/ament_index/resource_index/packages/turtle_superman
[20.587s] -- Installing: /home/ajr/ros2_ws/src/turtle_superman/install/turtle_superman/share/turtle_superman/cmake/turtle_supermanConfig.cmake
[20.588s] -- Installing: /home/ajr/ros2_ws/src/turtle_superman/install/turtle_superman/share/turtle_superman/cmake/turtle_supermanConfig-version.cmake
[20.588s] -- Installing: /home/ajr/ros2_ws/src/turtle_superman/install/turtle_superman/share/turtle_superman/package.xml
[20.591s] Invoked command in '/home/ajr/ros2_ws/src/turtle_superman/build/turtle_superman' returned '0': CMAKE_PREFIX_PATH=${CMAKE_PREFIX_PATH}:/home/ajr/ros2_ws/install/gui_lexus:/home/ajr/ros2_ws/install/arj_transforms_py:/home/ajr/ros2_ws/install/arj_intro_py:/opt/ros/humble /usr/bin/cmake --install /home/ajr/ros2_ws/src/turtle_superman/build/turtle_superman
