[0.041s] Invoking command in '/home/ajr/ros2_ws/turtle_square/build/turtle_square': CMAKE_PREFIX_PATH=/opt/ros/humble /usr/bin/cmake /home/ajr/ros2_ws/turtle_square -DCMAKE_INSTALL_PREFIX=/home/ajr/ros2_ws/turtle_square/install/turtle_square
[0.282s] -- The C compiler identification is GNU 11.4.0
[0.815s] -- The CXX compiler identification is GNU 11.4.0
[1.137s] -- Detecting C compiler ABI info
[1.312s] -- Detecting C compiler ABI info - done
[1.321s] -- Check for working C compiler: /usr/bin/cc - skipped
[1.323s] -- Detecting C compile features
[1.325s] -- Detecting C compile features - done
[1.332s] -- Detecting CXX compiler ABI info
[1.508s] -- Detecting CXX compiler ABI info - done
[1.518s] -- Check for working CXX compiler: /usr/bin/c++ - skipped
[1.518s] -- Detecting CXX compile features
[1.519s] -- Detecting CXX compile features - done
[1.544s] -- Found ament_cmake: 1.3.9 (/opt/ros/humble/share/ament_cmake/cmake)
[1.758s] -- Found Python3: /usr/bin/python3 (found version "3.10.12") found components: Interpreter 
[1.915s] -- Found rclcpp: 16.0.9 (/opt/ros/humble/share/rclcpp/cmake)
[2.140s] -- Found rosidl_generator_c: 3.1.5 (/opt/ros/humble/share/rosidl_generator_c/cmake)
[2.151s] -- Found rosidl_adapter: 3.1.5 (/opt/ros/humble/share/rosidl_adapter/cmake)
[2.169s] -- Found rosidl_generator_cpp: 3.1.5 (/opt/ros/humble/share/rosidl_generator_cpp/cmake)
[2.204s] -- Using all available rosidl_typesupport_c: rosidl_typesupport_fastrtps_c;rosidl_typesupport_introspection_c
[2.245s] -- Using all available rosidl_typesupport_cpp: rosidl_typesupport_fastrtps_cpp;rosidl_typesupport_introspection_cpp
[2.384s] -- Found rmw_implementation_cmake: 6.1.2 (/opt/ros/humble/share/rmw_implementation_cmake/cmake)
[2.391s] -- Found rmw_fastrtps_cpp: 6.2.6 (/opt/ros/humble/share/rmw_fastrtps_cpp/cmake)
[3.787s] -- Found OpenSSL: /usr/lib/x86_64-linux-gnu/libcrypto.so (found version "3.0.2")  
[4.995s] -- Found FastRTPS: /opt/ros/humble/include  
[7.417s] -- Using RMW implementation 'rmw_fastrtps_cpp' as default
[7.449s] -- Looking for pthread.h
[7.618s] -- Looking for pthread.h - found
[7.619s] -- Performing Test CMAKE_HAVE_LIBC_PTHREAD
[7.785s] -- Performing Test CMAKE_HAVE_LIBC_PTHREAD - Success
[7.786s] -- Found Threads: TRUE  
[8.080s] -- Found geometry_msgs: 4.2.4 (/opt/ros/humble/share/geometry_msgs/cmake)
[8.158s] -- Found turtlesim: 1.4.2 (/opt/ros/humble/share/turtlesim/cmake)
[8.381s] -- Found ament_lint_auto: 0.12.11 (/opt/ros/humble/share/ament_lint_auto/cmake)
[8.516s] -- Added test 'cppcheck' to perform static code analysis on C / C++ code
[8.516s] -- Configured cppcheck include dirs: 
[8.516s] -- Configured cppcheck exclude dirs and/or files: 
[8.520s] -- Added test 'lint_cmake' to check CMake code style
[8.528s] -- Added test 'uncrustify' to check C / C++ code style
[8.528s] -- Configured uncrustify additional arguments: 
[8.531s] -- Added test 'xmllint' to check XML markup files
[8.535s] -- Configuring done
[8.555s] -- Generating done
[8.557s] -- Build files have been written to: /home/ajr/ros2_ws/turtle_square/build/turtle_square
[8.570s] Invoked command in '/home/ajr/ros2_ws/turtle_square/build/turtle_square' returned '0': CMAKE_PREFIX_PATH=/opt/ros/humble /usr/bin/cmake /home/ajr/ros2_ws/turtle_square -DCMAKE_INSTALL_PREFIX=/home/ajr/ros2_ws/turtle_square/install/turtle_square
[8.575s] Invoking command in '/home/ajr/ros2_ws/turtle_square/build/turtle_square': CMAKE_PREFIX_PATH=/opt/ros/humble /usr/bin/cmake --build /home/ajr/ros2_ws/turtle_square/build/turtle_square -- -j4 -l4
[8.635s] [ 50%] [32mBuilding CXX object CMakeFiles/turtle_square_node.dir/src/turtle_square.cpp.o[0m
[15.574s] [100%] [32m[1mLinking CXX executable turtle_square_node[0m
[16.086s] [100%] Built target turtle_square_node
[16.105s] Invoked command in '/home/ajr/ros2_ws/turtle_square/build/turtle_square' returned '0': CMAKE_PREFIX_PATH=/opt/ros/humble /usr/bin/cmake --build /home/ajr/ros2_ws/turtle_square/build/turtle_square -- -j4 -l4
[16.152s] Invoking command in '/home/ajr/ros2_ws/turtle_square/build/turtle_square': CMAKE_PREFIX_PATH=/opt/ros/humble /usr/bin/cmake --install /home/ajr/ros2_ws/turtle_square/build/turtle_square
[16.160s] -- Install configuration: ""
[16.161s] -- Installing: /home/ajr/ros2_ws/turtle_square/install/turtle_square/lib/turtle_square/turtle_square_node
[16.164s] -- Set runtime path of "/home/ajr/ros2_ws/turtle_square/install/turtle_square/lib/turtle_square/turtle_square_node" to ""
[16.165s] -- Installing: /home/ajr/ros2_ws/turtle_square/install/turtle_square/share/ament_index/resource_index/package_run_dependencies/turtle_square
[16.165s] -- Installing: /home/ajr/ros2_ws/turtle_square/install/turtle_square/share/ament_index/resource_index/parent_prefix_path/turtle_square
[16.166s] -- Installing: /home/ajr/ros2_ws/turtle_square/install/turtle_square/share/turtle_square/environment/ament_prefix_path.sh
[16.167s] -- Installing: /home/ajr/ros2_ws/turtle_square/install/turtle_square/share/turtle_square/environment/ament_prefix_path.dsv
[16.167s] -- Installing: /home/ajr/ros2_ws/turtle_square/install/turtle_square/share/turtle_square/environment/path.sh
[16.167s] -- Installing: /home/ajr/ros2_ws/turtle_square/install/turtle_square/share/turtle_square/environment/path.dsv
[16.167s] -- Installing: /home/ajr/ros2_ws/turtle_square/install/turtle_square/share/turtle_square/local_setup.bash
[16.168s] -- Installing: /home/ajr/ros2_ws/turtle_square/install/turtle_square/share/turtle_square/local_setup.sh
[16.168s] -- Installing: /home/ajr/ros2_ws/turtle_square/install/turtle_square/share/turtle_square/local_setup.zsh
[16.169s] -- Installing: /home/ajr/ros2_ws/turtle_square/install/turtle_square/share/turtle_square/local_setup.dsv
[16.169s] -- Installing: /home/ajr/ros2_ws/turtle_square/install/turtle_square/share/turtle_square/package.dsv
[16.170s] -- Installing: /home/ajr/ros2_ws/turtle_square/install/turtle_square/share/ament_index/resource_index/packages/turtle_square
[16.170s] -- Installing: /home/ajr/ros2_ws/turtle_square/install/turtle_square/share/turtle_square/cmake/turtle_squareConfig.cmake
[16.171s] -- Installing: /home/ajr/ros2_ws/turtle_square/install/turtle_square/share/turtle_square/cmake/turtle_squareConfig-version.cmake
[16.171s] -- Installing: /home/ajr/ros2_ws/turtle_square/install/turtle_square/share/turtle_square/package.xml
[16.175s] Invoked command in '/home/ajr/ros2_ws/turtle_square/build/turtle_square' returned '0': CMAKE_PREFIX_PATH=/opt/ros/humble /usr/bin/cmake --install /home/ajr/ros2_ws/turtle_square/build/turtle_square
