[0.613s] DEBUG:colcon:Command line arguments: ['/usr/bin/colcon', 'build', '--packages-select', 'turtle_square']
[0.613s] DEBUG:colcon:Parsed command line arguments: Namespace(log_base=None, log_level=None, verb_name='build', build_base='build', install_base='install', merge_install=False, symlink_install=False, test_result_base=None, continue_on_error=False, executor='parallel', parallel_workers=4, event_handlers=None, ignore_user_meta=False, metas=['./colcon.meta'], base_paths=['.'], packages_ignore=None, packages_ignore_regex=None, paths=None, packages_up_to=None, packages_up_to_regex=None, packages_above=None, packages_above_and_dependencies=None, packages_above_depth=None, packages_select_by_dep=None, packages_skip_by_dep=None, packages_skip_up_to=None, packages_select_build_failed=False, packages_skip_build_finished=False, packages_select_test_failures=False, packages_skip_test_passed=False, packages_select=['turtle_square'], packages_skip=None, packages_select_regex=None, packages_skip_regex=None, packages_start=None, packages_end=None, allow_overriding=[], cmake_args=None, cmake_target=None, cmake_target_skip_unavailable=False, cmake_clean_cache=False, cmake_clean_first=False, cmake_force_configure=False, ament_cmake_args=None, catkin_cmake_args=None, catkin_skip_building_tests=False, mixin_files=None, mixin=None, verb_parser=<colcon_mixin.mixin.mixin_argument.MixinArgumentDecorator object at 0x7f8be39a9540>, verb_extension=<colcon_core.verb.build.BuildVerb object at 0x7f8be39a9060>, main=<bound method BuildVerb.main of <colcon_core.verb.build.BuildVerb object at 0x7f8be39a9060>>, mixin_verb=('build',))
[1.143s] Level 1:colcon.colcon_core.package_discovery:discover_packages(colcon_meta) check parameters
[1.144s] Level 1:colcon.colcon_core.package_discovery:discover_packages(recursive) check parameters
[1.144s] Level 1:colcon.colcon_core.package_discovery:discover_packages(ignore) check parameters
[1.144s] Level 1:colcon.colcon_core.package_discovery:discover_packages(path) check parameters
[1.144s] Level 1:colcon.colcon_core.package_discovery:discover_packages(colcon_meta) discover
[1.144s] Level 1:colcon.colcon_core.package_discovery:discover_packages(recursive) discover
[1.144s] INFO:colcon.colcon_core.package_discovery:Crawling recursively for packages in '/home/ajr/ros2_ws/turtle_square'
[1.144s] Level 1:colcon.colcon_core.package_identification:_identify(.) by extensions ['ignore', 'ignore_ament_install']
[1.144s] Level 1:colcon.colcon_core.package_identification:_identify(.) by extension 'ignore'
[1.145s] Level 1:colcon.colcon_core.package_identification:_identify(.) by extension 'ignore_ament_install'
[1.145s] Level 1:colcon.colcon_core.package_identification:_identify(.) by extensions ['colcon_pkg']
[1.145s] Level 1:colcon.colcon_core.package_identification:_identify(.) by extension 'colcon_pkg'
[1.145s] Level 1:colcon.colcon_core.package_identification:_identify(.) by extensions ['colcon_meta']
[1.145s] Level 1:colcon.colcon_core.package_identification:_identify(.) by extension 'colcon_meta'
[1.145s] Level 1:colcon.colcon_core.package_identification:_identify(.) by extensions ['ros']
[1.145s] Level 1:colcon.colcon_core.package_identification:_identify(.) by extension 'ros'
[1.214s] DEBUG:colcon.colcon_core.package_identification:Package '.' with type 'ros.ament_cmake' and name 'turtle_square'
[1.214s] Level 1:colcon.colcon_core.package_discovery:discover_packages(recursive) using defaults
[1.214s] Level 1:colcon.colcon_core.package_discovery:discover_packages(ignore) discover
[1.214s] Level 1:colcon.colcon_core.package_discovery:discover_packages(ignore) using defaults
[1.214s] Level 1:colcon.colcon_core.package_discovery:discover_packages(path) discover
[1.214s] Level 1:colcon.colcon_core.package_discovery:discover_packages(path) using defaults
[1.306s] Level 1:colcon.colcon_core.package_discovery:discover_packages(prefix_path) check parameters
[1.306s] Level 1:colcon.colcon_core.package_discovery:discover_packages(prefix_path) discover
[1.316s] DEBUG:colcon.colcon_installed_package_information.package_discovery:Found 289 installed packages in /opt/ros/humble
[1.320s] Level 1:colcon.colcon_core.package_discovery:discover_packages(prefix_path) using defaults
[1.377s] Level 5:colcon.colcon_core.verb:set package 'turtle_square' build argument 'cmake_args' from command line to 'None'
[1.377s] Level 5:colcon.colcon_core.verb:set package 'turtle_square' build argument 'cmake_target' from command line to 'None'
[1.377s] Level 5:colcon.colcon_core.verb:set package 'turtle_square' build argument 'cmake_target_skip_unavailable' from command line to 'False'
[1.377s] Level 5:colcon.colcon_core.verb:set package 'turtle_square' build argument 'cmake_clean_cache' from command line to 'False'
[1.377s] Level 5:colcon.colcon_core.verb:set package 'turtle_square' build argument 'cmake_clean_first' from command line to 'False'
[1.377s] Level 5:colcon.colcon_core.verb:set package 'turtle_square' build argument 'cmake_force_configure' from command line to 'False'
[1.378s] Level 5:colcon.colcon_core.verb:set package 'turtle_square' build argument 'ament_cmake_args' from command line to 'None'
[1.378s] Level 5:colcon.colcon_core.verb:set package 'turtle_square' build argument 'catkin_cmake_args' from command line to 'None'
[1.378s] Level 5:colcon.colcon_core.verb:set package 'turtle_square' build argument 'catkin_skip_building_tests' from command line to 'False'
[1.378s] DEBUG:colcon.colcon_core.verb:Building package 'turtle_square' with the following arguments: {'ament_cmake_args': None, 'build_base': '/home/ajr/ros2_ws/turtle_square/build/turtle_square', 'catkin_cmake_args': None, 'catkin_skip_building_tests': False, 'cmake_args': None, 'cmake_clean_cache': False, 'cmake_clean_first': False, 'cmake_force_configure': False, 'cmake_target': None, 'cmake_target_skip_unavailable': False, 'install_base': '/home/ajr/ros2_ws/turtle_square/install/turtle_square', 'merge_install': False, 'path': '/home/ajr/ros2_ws/turtle_square', 'symlink_install': False, 'test_result_base': None}
[1.378s] INFO:colcon.colcon_core.executor:Executing jobs using 'parallel' executor
[1.380s] DEBUG:colcon.colcon_parallel_executor.executor.parallel:run_until_complete
[1.381s] INFO:colcon.colcon_ros.task.ament_cmake.build:Building ROS package in '/home/ajr/ros2_ws/turtle_square' with build type 'ament_cmake'
[1.381s] INFO:colcon.colcon_cmake.task.cmake.build:Building CMake package in '/home/ajr/ros2_ws/turtle_square'
[1.393s] INFO:colcon.colcon_core.plugin_system:Skipping extension 'colcon_core.shell.bat': Not used on non-Windows systems
[1.393s] INFO:colcon.colcon_core.shell:Skip shell extension 'powershell' for command environment: Not usable outside of PowerShell
[1.393s] DEBUG:colcon.colcon_core.shell:Skip shell extension 'dsv' for command environment
[1.423s] DEBUG:colcon.colcon_core.event_handler.log_command:Invoking command in '/home/ajr/ros2_ws/turtle_square/build/turtle_square': CMAKE_PREFIX_PATH=/opt/ros/humble /usr/bin/cmake /home/ajr/ros2_ws/turtle_square -DCMAKE_INSTALL_PREFIX=/home/ajr/ros2_ws/turtle_square/install/turtle_square
[9.953s] DEBUG:colcon.colcon_core.event_handler.log_command:Invoked command in '/home/ajr/ros2_ws/turtle_square/build/turtle_square' returned '0': CMAKE_PREFIX_PATH=/opt/ros/humble /usr/bin/cmake /home/ajr/ros2_ws/turtle_square -DCMAKE_INSTALL_PREFIX=/home/ajr/ros2_ws/turtle_square/install/turtle_square
[9.958s] DEBUG:colcon.colcon_core.event_handler.log_command:Invoking command in '/home/ajr/ros2_ws/turtle_square/build/turtle_square': CMAKE_PREFIX_PATH=/opt/ros/humble /usr/bin/cmake --build /home/ajr/ros2_ws/turtle_square/build/turtle_square -- -j4 -l4
[17.488s] DEBUG:colcon.colcon_core.event_handler.log_command:Invoked command in '/home/ajr/ros2_ws/turtle_square/build/turtle_square' returned '0': CMAKE_PREFIX_PATH=/opt/ros/humble /usr/bin/cmake --build /home/ajr/ros2_ws/turtle_square/build/turtle_square -- -j4 -l4
[17.534s] DEBUG:colcon.colcon_core.event_handler.log_command:Invoking command in '/home/ajr/ros2_ws/turtle_square/build/turtle_square': CMAKE_PREFIX_PATH=/opt/ros/humble /usr/bin/cmake --install /home/ajr/ros2_ws/turtle_square/build/turtle_square
[17.557s] Level 1:colcon.colcon_core.environment:create_environment_scripts_only(turtle_square)
[17.558s] DEBUG:colcon.colcon_core.event_handler.log_command:Invoked command in '/home/ajr/ros2_ws/turtle_square/build/turtle_square' returned '0': CMAKE_PREFIX_PATH=/opt/ros/humble /usr/bin/cmake --install /home/ajr/ros2_ws/turtle_square/build/turtle_square
[17.569s] Level 1:colcon.colcon_core.environment:checking '/home/ajr/ros2_ws/turtle_square/install/turtle_square' for CMake module files
[17.570s] Level 1:colcon.colcon_core.environment:checking '/home/ajr/ros2_ws/turtle_square/install/turtle_square' for CMake config files
[17.570s] Level 1:colcon.colcon_core.shell:create_environment_hook('turtle_square', 'cmake_prefix_path')
[17.570s] INFO:colcon.colcon_core.shell:Creating environment hook '/home/ajr/ros2_ws/turtle_square/install/turtle_square/share/turtle_square/hook/cmake_prefix_path.ps1'
[17.572s] INFO:colcon.colcon_core.shell:Creating environment descriptor '/home/ajr/ros2_ws/turtle_square/install/turtle_square/share/turtle_square/hook/cmake_prefix_path.dsv'
[17.574s] INFO:colcon.colcon_core.shell:Creating environment hook '/home/ajr/ros2_ws/turtle_square/install/turtle_square/share/turtle_square/hook/cmake_prefix_path.sh'
[17.576s] Level 1:colcon.colcon_core.environment:checking '/home/ajr/ros2_ws/turtle_square/install/turtle_square/lib'
[17.577s] Level 1:colcon.colcon_core.environment:checking '/home/ajr/ros2_ws/turtle_square/install/turtle_square/bin'
[17.577s] Level 1:colcon.colcon_core.environment:checking '/home/ajr/ros2_ws/turtle_square/install/turtle_square/lib/pkgconfig/turtle_square.pc'
[17.577s] Level 1:colcon.colcon_core.environment:checking '/home/ajr/ros2_ws/turtle_square/install/turtle_square/lib/python3.10/site-packages'
[17.577s] Level 1:colcon.colcon_core.environment:checking '/home/ajr/ros2_ws/turtle_square/install/turtle_square/bin'
[17.577s] INFO:colcon.colcon_core.shell:Creating package script '/home/ajr/ros2_ws/turtle_square/install/turtle_square/share/turtle_square/package.ps1'
[17.579s] INFO:colcon.colcon_core.shell:Creating package descriptor '/home/ajr/ros2_ws/turtle_square/install/turtle_square/share/turtle_square/package.dsv'
[17.580s] INFO:colcon.colcon_core.shell:Creating package script '/home/ajr/ros2_ws/turtle_square/install/turtle_square/share/turtle_square/package.sh'
[17.581s] INFO:colcon.colcon_core.shell:Creating package script '/home/ajr/ros2_ws/turtle_square/install/turtle_square/share/turtle_square/package.bash'
[17.582s] INFO:colcon.colcon_core.shell:Creating package script '/home/ajr/ros2_ws/turtle_square/install/turtle_square/share/turtle_square/package.zsh'
[17.584s] Level 1:colcon.colcon_core.environment:create_file_with_runtime_dependencies(/home/ajr/ros2_ws/turtle_square/install/turtle_square/share/colcon-core/packages/turtle_square)
[17.616s] Level 1:colcon.colcon_core.environment:create_environment_scripts_only(turtle_square)
[17.617s] Level 1:colcon.colcon_core.environment:checking '/home/ajr/ros2_ws/turtle_square/install/turtle_square' for CMake module files
[17.617s] Level 1:colcon.colcon_core.environment:checking '/home/ajr/ros2_ws/turtle_square/install/turtle_square' for CMake config files
[17.618s] Level 1:colcon.colcon_core.shell:create_environment_hook('turtle_square', 'cmake_prefix_path')
[17.618s] INFO:colcon.colcon_core.shell:Creating environment hook '/home/ajr/ros2_ws/turtle_square/install/turtle_square/share/turtle_square/hook/cmake_prefix_path.ps1'
[17.618s] INFO:colcon.colcon_core.shell:Creating environment descriptor '/home/ajr/ros2_ws/turtle_square/install/turtle_square/share/turtle_square/hook/cmake_prefix_path.dsv'
[17.619s] INFO:colcon.colcon_core.shell:Creating environment hook '/home/ajr/ros2_ws/turtle_square/install/turtle_square/share/turtle_square/hook/cmake_prefix_path.sh'
[17.619s] Level 1:colcon.colcon_core.environment:checking '/home/ajr/ros2_ws/turtle_square/install/turtle_square/lib'
[17.619s] Level 1:colcon.colcon_core.environment:checking '/home/ajr/ros2_ws/turtle_square/install/turtle_square/bin'
[17.619s] Level 1:colcon.colcon_core.environment:checking '/home/ajr/ros2_ws/turtle_square/install/turtle_square/lib/pkgconfig/turtle_square.pc'
[17.620s] Level 1:colcon.colcon_core.environment:checking '/home/ajr/ros2_ws/turtle_square/install/turtle_square/lib/python3.10/site-packages'
[17.620s] Level 1:colcon.colcon_core.environment:checking '/home/ajr/ros2_ws/turtle_square/install/turtle_square/bin'
[17.621s] INFO:colcon.colcon_core.shell:Creating package script '/home/ajr/ros2_ws/turtle_square/install/turtle_square/share/turtle_square/package.ps1'
[17.622s] INFO:colcon.colcon_core.shell:Creating package descriptor '/home/ajr/ros2_ws/turtle_square/install/turtle_square/share/turtle_square/package.dsv'
[17.623s] INFO:colcon.colcon_core.shell:Creating package script '/home/ajr/ros2_ws/turtle_square/install/turtle_square/share/turtle_square/package.sh'
[17.624s] INFO:colcon.colcon_core.shell:Creating package script '/home/ajr/ros2_ws/turtle_square/install/turtle_square/share/turtle_square/package.bash'
[17.624s] INFO:colcon.colcon_core.shell:Creating package script '/home/ajr/ros2_ws/turtle_square/install/turtle_square/share/turtle_square/package.zsh'
[17.625s] Level 1:colcon.colcon_core.environment:create_file_with_runtime_dependencies(/home/ajr/ros2_ws/turtle_square/install/turtle_square/share/colcon-core/packages/turtle_square)
[17.626s] DEBUG:colcon.colcon_parallel_executor.executor.parallel:closing loop
[17.626s] DEBUG:colcon.colcon_parallel_executor.executor.parallel:loop closed
[17.626s] DEBUG:colcon.colcon_parallel_executor.executor.parallel:run_until_complete finished with '0'
[17.627s] DEBUG:colcon.colcon_core.event_reactor:joining thread
[17.681s] INFO:colcon.colcon_core.plugin_system:Skipping extension 'colcon_notification.desktop_notification.notify_send': Could not find 'notify-send'
[17.682s] INFO:colcon.colcon_core.plugin_system:Skipping extension 'colcon_notification.desktop_notification.terminal_notifier': Not used on non-Darwin systems
[17.682s] INFO:colcon.colcon_core.plugin_system:Skipping extension 'colcon_notification.desktop_notification.win32': Not used on non-Windows systems
[17.682s] INFO:colcon.colcon_notification.desktop_notification:Sending desktop notification using 'notify2'
[17.682s] DEBUG:colcon.colcon_notification.desktop_notification.notify2:Failed to initialize notify2: org.freedesktop.DBus.Error.FileNotFound: Failed to connect to socket /run/user/1000/bus: No such file or directory
[17.682s] DEBUG:colcon.colcon_core.event_reactor:joined thread
[17.682s] INFO:colcon.colcon_core.shell:Creating prefix script '/home/ajr/ros2_ws/turtle_square/install/local_setup.ps1'
[17.684s] INFO:colcon.colcon_core.shell:Creating prefix util module '/home/ajr/ros2_ws/turtle_square/install/_local_setup_util_ps1.py'
[17.685s] INFO:colcon.colcon_core.shell:Creating prefix chain script '/home/ajr/ros2_ws/turtle_square/install/setup.ps1'
[17.687s] INFO:colcon.colcon_core.shell:Creating prefix script '/home/ajr/ros2_ws/turtle_square/install/local_setup.sh'
[17.688s] INFO:colcon.colcon_core.shell:Creating prefix util module '/home/ajr/ros2_ws/turtle_square/install/_local_setup_util_sh.py'
[17.689s] INFO:colcon.colcon_core.shell:Creating prefix chain script '/home/ajr/ros2_ws/turtle_square/install/setup.sh'
[17.691s] INFO:colcon.colcon_core.shell:Creating prefix script '/home/ajr/ros2_ws/turtle_square/install/local_setup.bash'
[17.692s] INFO:colcon.colcon_core.shell:Creating prefix chain script '/home/ajr/ros2_ws/turtle_square/install/setup.bash'
[17.694s] INFO:colcon.colcon_core.shell:Creating prefix script '/home/ajr/ros2_ws/turtle_square/install/local_setup.zsh'
[17.695s] INFO:colcon.colcon_core.shell:Creating prefix chain script '/home/ajr/ros2_ws/turtle_square/install/setup.zsh'
